BUILD LOG
---------
Build Time: 2015-10-14T10:22:40+0200

NODEJS INFORMATION
==================
nodejs: v0.12.7
del: 1.2.1
gulp: 3.9.0
gulp-audit: 1.0.0
gulp-rename: 1.2.2
gulp-replace: 0.5.4
gulp-vulcanize: 6.0.1
lazypipe: 0.2.4
polyclean: 1.2.0
run-sequence: 1.1.4
web-component-tester: 3.3.25

REPO REVISIONS
==============
polymer: 9a1499e14d31cedeb7ef817c6e6142350886f5cf

BUILD HASHES
============
polymer-mini.html: 71d8ba2e7d9b19ccd2238b27887bc4968d8cf981
polymer-micro.html: 62d773e546d387df86bc1b33a3cb61c3c1c9bc76
polymer.html: c5157c73c2d275e3629f987fa4f4eb6e524f6e9b